<?xml version="1.0" encoding="UTF-8"?>
<robot generator="Robot 7.0.1 (Python 3.12.3 on win32)" generated="2025-02-22T14:45:22.230650" rpa="false" schemaversion="5">
<suite id="s1" name="Checkout Visa Success" source="d:\workshop\sck_shopping\checkout_visa_success.robot">
<test id="s1-t1" name="ชำระเงินด้วย VISA CARD สำเร็จ" line="8">
<kw name="เข้าหน้า HOME ของ SCK Shopping Mall">
<kw name="Open Browser" owner="SeleniumLibrary">
<msg time="2025-02-22T14:45:22.440131" level="INFO">Opening browser 'Edge' to base url 'None'.</msg>
<arg>browser=${BROWSER}</arg>
<doc>Opens a new browser instance to the optional ``url``.</doc>
<status status="PASS" start="2025-02-22T14:45:22.440131" elapsed="2.913253"/>
</kw>
<kw name="Go To" owner="SeleniumLibrary">
<msg time="2025-02-22T14:45:25.354383" level="INFO">Opening url 'http://139.59.248.187/product/list'</msg>
<arg>url=${URL}</arg>
<doc>Navigates the current browser window to the provided ``url``.</doc>
<status status="PASS" start="2025-02-22T14:45:25.354383" elapsed="2.553692"/>
</kw>
<status status="PASS" start="2025-02-22T14:45:22.438627" elapsed="5.470448"/>
</kw>
<kw name="ค้นหาสินค้าด้วยคำค้น BiCyCle">
<kw name="Input Text" owner="SeleniumLibrary">
<msg time="2025-02-22T14:45:27.911076" level="INFO">Typing text 'BiCyCle' into text field 'search-product-input'.</msg>
<arg>search-product-input</arg>
<arg>text=BiCyCle</arg>
<doc>Types the given ``text`` into the text field identified by ``locator``.</doc>
<status status="PASS" start="2025-02-22T14:45:27.910075" elapsed="0.184559"/>
</kw>
<status status="PASS" start="2025-02-22T14:45:27.909075" elapsed="0.186566"/>
</kw>
<kw name="ตรวจสอบผลการค้นหา ต้องพบ Balance Training Bicycle และราคาต่อชิ้น 4,314.60 บาท">
<msg time="2025-02-22T14:45:28.099648" level="FAIL">No keyword with name 'ตรวจสอบผลการค้นหา ต้องพบ Balance Training Bicycle และราคาต่อชิ้น 4,314.60 บาท' found.</msg>
<status status="FAIL" start="2025-02-22T14:45:28.099648" elapsed="0.002985">No keyword with name 'ตรวจสอบผลการค้นหา ต้องพบ Balance Training Bicycle และราคาต่อชิ้น 4,314.60 บาท' found.</status>
</kw>
<kw name="ตรวจสอบผลการค้นหา ต้องพบ Princess Training Bicycle และราคาต่อชิ้น 4,314.60 บาท">
<status status="NOT RUN" start="2025-02-22T14:45:28.103639" elapsed="0.000000"/>
</kw>
<kw name="ตรวจสอบผลการค้นหา ต้องพบ BICYCLE Playing Dices และราคาต่อชิ้น 137.05 บาท">
<status status="NOT RUN" start="2025-02-22T14:45:28.104654" elapsed="0.000980"/>
</kw>
<kw name="เลือกดูรายละเอียดสินค้า Balance Training Bicycle">
<status status="NOT RUN" start="2025-02-22T14:45:28.106634" elapsed="0.000000"/>
</kw>
<kw name="ตรวจสอบข้อมูลสินค้า ชื่อสินค้าเท่ากันกับ Balance Training Bicycle">
<status status="NOT RUN" start="2025-02-22T14:45:28.106634" elapsed="0.001000"/>
</kw>
<kw name="ตรวจสอบข้อมูลสินค้า ราคาสินค้าเท่ากันกับ 4,314.60 บาท">
<status status="NOT RUN" start="2025-02-22T14:45:28.107634" elapsed="0.001003"/>
</kw>
<kw name="ตรวจสอบข้อมูลสินค้า จำนวนแต้มที่จะได้เท่ากันกับ 43 แต้ม">
<status status="NOT RUN" start="2025-02-22T14:45:28.108637" elapsed="0.000000"/>
</kw>
<kw name="ตรวจสอบข้อมูลสินค้า จำนวนสินค้าเท่ากันกับ 100 ชิ้น">
<status status="NOT RUN" start="2025-02-22T14:45:28.109633" elapsed="0.000000"/>
</kw>
<kw name="กดเลือกซื้อ Balance Training Bicycle จำนวน 3 คัน">
<status status="NOT RUN" start="2025-02-22T14:45:28.111633" elapsed="0.000000"/>
</kw>
<kw name="กด Add to cart">
<status status="NOT RUN" start="2025-02-22T14:45:28.112642" elapsed="0.000000"/>
</kw>
<kw name="ตรวจสอบจำนวนสินค้าในตะกร้าต้องเท่ากันกับ 1">
<status status="NOT RUN" start="2025-02-22T14:45:28.113634" elapsed="0.000000"/>
</kw>
<kw name="เข้าดูรายการสินค้าที่เลือกซื้อ">
<status status="NOT RUN" start="2025-02-22T14:45:28.113634" elapsed="0.001000"/>
</kw>
<kw name="ตรวจสอบตระกร้า ชื่อสินค้าเท่ากันกับ Balance Training Bicycle">
<status status="NOT RUN" start="2025-02-22T14:45:28.114634" elapsed="0.001000"/>
</kw>
<kw name="ตรวจสอบตระกร้า ราคาสินค้าเท่ากันกับ 12,943.80 บาท">
<status status="NOT RUN" start="2025-02-22T14:45:28.116634" elapsed="0.000000"/>
</kw>
<kw name="ตรวจสอบตระกร้า จำนวนแต้มที่จะได้เท่ากันกับ 129 แต้ม">
<status status="NOT RUN" start="2025-02-22T14:45:28.117633" elapsed="0.000000"/>
</kw>
<kw name="ตรวจสอบตระกร้า จำนวนสินค้าเท่ากันกับ 100 ชิ้น">
<status status="NOT RUN" start="2025-02-22T14:45:28.117633" elapsed="0.001001"/>
</kw>
<kw name="ตรวจสอบตระกร้า จำนวนสินค้า เท่ากับ 3 คัน">
<status status="NOT RUN" start="2025-02-22T14:45:28.118634" elapsed="0.000000"/>
</kw>
<kw name="ตรวจสอบตระกร้า ยอดรวม">
<status status="NOT RUN" start="2025-02-22T14:45:28.119633" elapsed="0.000000"/>
</kw>
<kw name="กด Chack out">
<status status="NOT RUN" start="2025-02-22T14:45:28.120640" elapsed="0.000000"/>
</kw>
<kw name="ตรวจสอบCheckout ชื่อสินค้าเท่ากันกับ Balance Training Bicycle">
<status status="NOT RUN" start="2025-02-22T14:45:28.120640" elapsed="0.000993"/>
</kw>
<kw name="ตรวจสอบCheckout ราคาสินค้าเท่ากันกับ 12,943.80 บาท">
<status status="NOT RUN" start="2025-02-22T14:45:28.122633" elapsed="0.000000"/>
</kw>
<kw name="ตรวจสอบCheckout จำนวนแต้มที่จะได้เท่ากันกับ 129 แต้ม">
<status status="NOT RUN" start="2025-02-22T14:45:28.123633" elapsed="0.000000"/>
</kw>
<kw name="ตรวจสอบCheckout จำนวนสินค้าเท่ากันกับ 100 ชิ้น">
<status status="NOT RUN" start="2025-02-22T14:45:28.124652" elapsed="0.000000"/>
</kw>
<kw name="ตรวจสอบCheckout จำนวนสินค้า เท่ากับ 3 คัน">
<status status="NOT RUN" start="2025-02-22T14:45:28.126632" elapsed="0.000000"/>
</kw>
<kw name="กรอกที่อยู่จัดส่ง">
<status status="NOT RUN" start="2025-02-22T14:45:28.127632" elapsed="0.000000"/>
</kw>
<kw name="เลือกขนส่ง Kerry">
<status status="NOT RUN" start="2025-02-22T14:45:28.127632" elapsed="0.001002"/>
</kw>
<kw name="เลือกชำระเงินด้วย Credit Card และกรอกข้อมูลบัตร">
<status status="NOT RUN" start="2025-02-22T14:45:28.129633" elapsed="0.000000"/>
</kw>
<kw name="ยืนยันการชำระเงิน">
<status status="NOT RUN" start="2025-02-22T14:45:28.130640" elapsed="0.000000"/>
</kw>
<kw name="กรอก OTP และยืนยันการชำระเงิน">
<status status="NOT RUN" start="2025-02-22T14:45:28.130640" elapsed="0.001034"/>
</kw>
<kw name="ตรวจสอบผลการชำระเงิน">
<status status="NOT RUN" start="2025-02-22T14:45:28.131674" elapsed="0.001007"/>
</kw>
<status status="FAIL" start="2025-02-22T14:45:22.438627" elapsed="5.695055">No keyword with name 'ตรวจสอบผลการค้นหา ต้องพบ Balance Training Bicycle และราคาต่อชิ้น 4,314.60 บาท' found.</status>
</test>
<status status="FAIL" start="2025-02-22T14:45:22.236705" elapsed="5.899977"/>
</suite>
<statistics>
<total>
<stat pass="0" fail="1" skip="0">All Tests</stat>
</total>
<tag>
</tag>
<suite>
<stat pass="0" fail="1" skip="0" id="s1" name="Checkout Visa Success">Checkout Visa Success</stat>
</suite>
</statistics>
<errors>
</errors>
</robot>
