<?xml version="1.0" encoding="UTF-8"?>
<robot generator="Robot 7.2.2 (Python 3.13.2 on win32)" generated="2025-02-27T21:50:25.306326" rpa="false" schemaversion="5">
<suite id="s1" name="Checkout Visa Success" source="D:\WorkAholic\automate-robot-framework-workshopSCK\sck_shopping\checkout_visa_success.robot">
<test id="s1-t1" name="ชำระเงินด้วย VISA CARD สำเร็จ" line="8">
<kw name="เข้าหน้า HOME ของ SCK Shopping Mall">
<kw name="Open Browser" owner="SeleniumLibrary">
<msg time="2025-02-27T21:50:25.550154" level="INFO">Opening browser 'Edge' to base url 'None'.</msg>
<arg>browser=${BROWSER}</arg>
<doc>Opens a new browser instance to the optional ``url``.</doc>
<status status="PASS" start="2025-02-27T21:50:25.549910" elapsed="1.456051"/>
</kw>
<kw name="Go To" owner="SeleniumLibrary">
<msg time="2025-02-27T21:50:27.006416" level="INFO">Opening url 'http://139.59.248.187/product/list'</msg>
<arg>url=${URL}</arg>
<doc>Navigates the current browser window to the provided ``url``.</doc>
<status status="PASS" start="2025-02-27T21:50:27.006192" elapsed="2.690019"/>
</kw>
<status status="PASS" start="2025-02-27T21:50:25.549174" elapsed="4.147192"/>
</kw>
<kw name="ค้นหาสินค้าด้วยคำค้น BiCyCle">
<kw name="Input Text" owner="SeleniumLibrary">
<msg time="2025-02-27T21:50:29.697415" level="INFO">Typing text 'BiCyCle' into text field 'id=search-product-input'.</msg>
<arg>id=search-product-input</arg>
<arg>text=BiCyCle</arg>
<doc>Types the given ``text`` into the text field identified by ``locator``.</doc>
<status status="PASS" start="2025-02-27T21:50:29.697024" elapsed="0.200715"/>
</kw>
<kw name="Click Button" owner="SeleniumLibrary">
<msg time="2025-02-27T21:50:29.898299" level="INFO">Clicking button 'id=search-product-btn'.</msg>
<arg>id=search-product-btn</arg>
<doc>Clicks the button identified by ``locator``.</doc>
<status status="PASS" start="2025-02-27T21:50:29.898030" elapsed="0.193382"/>
</kw>
<status status="PASS" start="2025-02-27T21:50:29.696714" elapsed="0.394818"/>
</kw>
<kw name="ตรวจสอบผลการค้นหาที่ตำแหน่ง product-card-name-1 ต้องพบ Balance Training Bicycle และที่ตำแหน่ง product-card-price-1 ต้องพบราคาต่อชิ้น ฿4,314.60 บาท" source_name="ตรวจสอบผลการค้นหาที่ตำแหน่ง ${expected_card_id} ต้องพบ ${expected_product_name} และที่ตำแหน่ง ${expected_product_price_id} ต้องพบราคาต่อชิ้น ${expected_product_price} บาท">
<kw name="Wait Until Element Is Visible" owner="SeleniumLibrary">
<arg>${expected_card_id}</arg>
<doc>Waits until the element ``locator`` is visible.</doc>
<status status="PASS" start="2025-02-27T21:50:30.092196" elapsed="0.228905"/>
</kw>
<kw name="Element Text Should Be" owner="SeleniumLibrary">
<msg time="2025-02-27T21:50:30.321566" level="INFO">Verifying element 'id=product-card-name-1' contains exact text 'Balance Training Bicycle'.</msg>
<arg>id=${expected_card_id}</arg>
<arg>expected=${expected_product_name}</arg>
<doc>Verifies that element ``locator`` contains exact the text ``expected``.</doc>
<status status="PASS" start="2025-02-27T21:50:30.321274" elapsed="0.023372"/>
</kw>
<kw name="Element Text Should Be" owner="SeleniumLibrary">
<msg time="2025-02-27T21:50:30.345132" level="INFO">Verifying element 'id=product-card-price-1' contains exact text '฿4,314.60'.</msg>
<arg>id=${expected_product_price_id}</arg>
<arg>expected=${expected_product_price}</arg>
<doc>Verifies that element ``locator`` contains exact the text ``expected``.</doc>
<status status="PASS" start="2025-02-27T21:50:30.344834" elapsed="0.017589"/>
</kw>
<status status="PASS" start="2025-02-27T21:50:30.091848" elapsed="0.270698"/>
</kw>
<kw name="ตรวจสอบผลการค้นหาที่ตำแหน่ง product-card-name-10 ต้องพบ Princess Training Bicycle และที่ตำแหน่ง product-card-price-10 ต้องพบราคาต่อชิ้น ฿4,314.60 บาท" source_name="ตรวจสอบผลการค้นหาที่ตำแหน่ง ${expected_card_id} ต้องพบ ${expected_product_name} และที่ตำแหน่ง ${expected_product_price_id} ต้องพบราคาต่อชิ้น ${expected_product_price} บาท">
<kw name="Wait Until Element Is Visible" owner="SeleniumLibrary">
<arg>${expected_card_id}</arg>
<doc>Waits until the element ``locator`` is visible.</doc>
<status status="PASS" start="2025-02-27T21:50:30.363173" elapsed="0.018666"/>
</kw>
<kw name="Element Text Should Be" owner="SeleniumLibrary">
<msg time="2025-02-27T21:50:30.382987" level="INFO">Verifying element 'id=product-card-name-10' contains exact text 'Princess Training Bicycle'.</msg>
<arg>id=${expected_card_id}</arg>
<arg>expected=${expected_product_name}</arg>
<doc>Verifies that element ``locator`` contains exact the text ``expected``.</doc>
<status status="PASS" start="2025-02-27T21:50:30.382271" elapsed="0.025126"/>
</kw>
<kw name="Element Text Should Be" owner="SeleniumLibrary">
<msg time="2025-02-27T21:50:30.407887" level="INFO">Verifying element 'id=product-card-price-10' contains exact text '฿4,314.60'.</msg>
<arg>id=${expected_product_price_id}</arg>
<arg>expected=${expected_product_price}</arg>
<doc>Verifies that element ``locator`` contains exact the text ``expected``.</doc>
<status status="PASS" start="2025-02-27T21:50:30.407581" elapsed="0.017208"/>
</kw>
<status status="PASS" start="2025-02-27T21:50:30.362864" elapsed="0.062035"/>
</kw>
<kw name="ตรวจสอบผลการค้นหาที่ตำแหน่ง product-card-name-458 ต้องพบ BICYCLE Playing Dices และที่ตำแหน่ง product-card-price-458 ต้องพบราคาต่อชิ้น ฿137.05 บาท" source_name="ตรวจสอบผลการค้นหาที่ตำแหน่ง ${expected_card_id} ต้องพบ ${expected_product_name} และที่ตำแหน่ง ${expected_product_price_id} ต้องพบราคาต่อชิ้น ${expected_product_price} บาท">
<kw name="Wait Until Element Is Visible" owner="SeleniumLibrary">
<arg>${expected_card_id}</arg>
<doc>Waits until the element ``locator`` is visible.</doc>
<status status="PASS" start="2025-02-27T21:50:30.425512" elapsed="0.016392"/>
</kw>
<kw name="Element Text Should Be" owner="SeleniumLibrary">
<msg time="2025-02-27T21:50:30.442400" level="INFO">Verifying element 'id=product-card-name-458' contains exact text 'BICYCLE Playing Dices'.</msg>
<arg>id=${expected_card_id}</arg>
<arg>expected=${expected_product_name}</arg>
<doc>Verifies that element ``locator`` contains exact the text ``expected``.</doc>
<status status="PASS" start="2025-02-27T21:50:30.442101" elapsed="0.019225"/>
</kw>
<kw name="Element Text Should Be" owner="SeleniumLibrary">
<msg time="2025-02-27T21:50:30.461848" level="INFO">Verifying element 'id=product-card-price-458' contains exact text '฿137.05'.</msg>
<arg>id=${expected_product_price_id}</arg>
<arg>expected=${expected_product_price}</arg>
<doc>Verifies that element ``locator`` contains exact the text ``expected``.</doc>
<status status="PASS" start="2025-02-27T21:50:30.461521" elapsed="0.016768"/>
</kw>
<status status="PASS" start="2025-02-27T21:50:30.425204" elapsed="0.053196"/>
</kw>
<kw name="เลือกดูรายละเอียดสินค้าที่ตำแหน่ง product-card-1 และที่ตำแหน่ง product-card-name-1 ชื่อสินค้าต้องพบ Balance Training Bicycle" source_name="เลือกดูรายละเอียดสินค้าที่ตำแหน่ง ${expected_card_id}และที่ตำแหน่ง ${expected_product_id} ชื่อสินค้าต้องพบ ${expected_product_name}">
<kw name="Click Element" owner="SeleniumLibrary">
<msg time="2025-02-27T21:50:30.479377" level="INFO">Clicking element 'product-card-1 '.</msg>
<msg time="2025-02-27T21:50:30.588112" level="INFO" html="true">&lt;/td&gt;&lt;/tr&gt;&lt;tr&gt;&lt;td colspan="3"&gt;&lt;a href="selenium-screenshot-9.png"&gt;&lt;img src="selenium-screenshot-9.png" width="800px"&gt;&lt;/a&gt;</msg>
<msg time="2025-02-27T21:50:30.588285" level="FAIL">Element with locator 'product-card-1 ' not found.</msg>
<arg>${expected_card_id}</arg>
<doc>Click the element identified by ``locator``.</doc>
<status status="FAIL" start="2025-02-27T21:50:30.479192" elapsed="0.111745">Element with locator 'product-card-1 ' not found.</status>
</kw>
<kw name="Element Text Should Be" owner="SeleniumLibrary">
<arg>id=${expected_product_id}</arg>
<arg>expected=${expected_product_name}</arg>
<doc>Verifies that element ``locator`` contains exact the text ``expected``.</doc>
<status status="NOT RUN" start="2025-02-27T21:50:30.591112" elapsed="0.000036"/>
</kw>
<status status="FAIL" start="2025-02-27T21:50:30.478753" elapsed="0.112517">Element with locator 'product-card-1 ' not found.</status>
</kw>
<status status="FAIL" start="2025-02-27T21:50:25.547982" elapsed="5.043612">Element with locator 'product-card-1 ' not found.</status>
</test>
<status status="FAIL" start="2025-02-27T21:50:25.307834" elapsed="5.284822"/>
</suite>
<statistics>
<total>
<stat pass="0" fail="1" skip="0">All Tests</stat>
</total>
<tag>
</tag>
<suite>
<stat name="Checkout Visa Success" id="s1" pass="0" fail="1" skip="0">Checkout Visa Success</stat>
</suite>
</statistics>
<errors>
</errors>
</robot>
